[2026-01-14T10:16:39.311Z] [INFO] Attempting to connect to Oracle Database...
[2026-01-14T10:16:39.434Z] [INFO] ✅ Oracle Database connection pool created successfully.
[2026-01-14T10:16:39.780Z] [INFO] 🚀 Server running on http://localhost:3000
[2026-01-14T10:16:39.782Z] [INFO] 📂 Serving frontend from: C:\Users\143ch\Hotel_Management_System\
[2026-01-14T10:16:39.783Z] [INFO] ✅ Health check available at http://localhost:3000/api/health
[2026-01-14T10:17:01.695Z] [INFO] [HTTP] GET /api/notifications?role=Admin&hotelName=Grand%20Hotel 304 - 23ms - IP: ::1
[2026-01-14T10:17:31.657Z] [INFO] [HTTP] GET /api/notifications?role=Admin&hotelName=Grand%20Hotel 304 - 8ms - IP: ::1
[2026-01-14T10:18:01.673Z] [INFO] [HTTP] GET /api/notifications?role=Admin&hotelName=Grand%20Hotel 304 - 8ms - IP: ::1
[2026-01-14T10:18:31.664Z] [INFO] [HTTP] GET /api/notifications?role=Admin&hotelName=Grand%20Hotel 304 - 6ms - IP: ::1
[2026-01-14T10:19:01.680Z] [INFO] [HTTP] GET /api/notifications?role=Admin&hotelName=Grand%20Hotel 304 - 5ms - IP: ::1
[2026-01-14T10:19:31.666Z] [INFO] [HTTP] GET /api/notifications?role=Admin&hotelName=Grand%20Hotel 304 - 5ms - IP: ::1
[2026-01-14T10:20:01.659Z] [INFO] [HTTP] GET /api/notifications?role=Admin&hotelName=Grand%20Hotel 304 - 5ms - IP: ::1
[2026-01-14T10:20:31.661Z] [INFO] [HTTP] GET /api/notifications?role=Admin&hotelName=Grand%20Hotel 304 - 5ms - IP: ::1
[2026-01-14T10:21:01.663Z] [INFO] [HTTP] GET /api/notifications?role=Admin&hotelName=Grand%20Hotel 304 - 7ms - IP: ::1
[2026-01-14T10:21:31.648Z] [INFO] [HTTP] GET /api/notifications?role=Admin&hotelName=Grand%20Hotel 304 - 3ms - IP: ::1
[2026-01-14T10:22:01.664Z] [INFO] [HTTP] GET /api/notifications?role=Admin&hotelName=Grand%20Hotel 304 - 8ms - IP: ::1
[2026-01-14T10:22:31.657Z] [INFO] [HTTP] GET /api/notifications?role=Admin&hotelName=Grand%20Hotel 304 - 5ms - IP: ::1
[2026-01-14T10:23:01.655Z] [INFO] [HTTP] GET /api/notifications?role=Admin&hotelName=Grand%20Hotel 304 - 8ms - IP: ::1
[2026-01-14T10:23:31.669Z] [INFO] [HTTP] GET /api/notifications?role=Admin&hotelName=Grand%20Hotel 304 - 9ms - IP: ::1
[2026-01-14T10:24:01.657Z] [INFO] [HTTP] GET /api/notifications?role=Admin&hotelName=Grand%20Hotel 304 - 3ms - IP: ::1
[2026-01-14T10:24:31.648Z] [INFO] [HTTP] GET /api/notifications?role=Admin&hotelName=Grand%20Hotel 304 - 9ms - IP: ::1
[2026-01-14T10:25:01.647Z] [INFO] [HTTP] GET /api/notifications?role=Admin&hotelName=Grand%20Hotel 304 - 3ms - IP: ::1
[2026-01-14T10:25:31.687Z] [INFO] [HTTP] GET /api/notifications?role=Admin&hotelName=Grand%20Hotel 304 - 5ms - IP: ::1
[2026-01-14T10:26:01.669Z] [INFO] [HTTP] GET /api/notifications?role=Admin&hotelName=Grand%20Hotel 304 - 10ms - IP: ::1
[2026-01-14T10:26:31.663Z] [INFO] [HTTP] GET /api/notifications?role=Admin&hotelName=Grand%20Hotel 304 - 13ms - IP: ::1
[2026-01-14T10:27:01.646Z] [INFO] [HTTP] GET /api/notifications?role=Admin&hotelName=Grand%20Hotel 304 - 3ms - IP: ::1
[2026-01-14T10:27:31.648Z] [INFO] [HTTP] GET /api/notifications?role=Admin&hotelName=Grand%20Hotel 304 - 2ms - IP: ::1
[2026-01-14T10:28:01.655Z] [INFO] [HTTP] GET /api/notifications?role=Admin&hotelName=Grand%20Hotel 304 - 3ms - IP: ::1
[2026-01-14T10:28:31.673Z] [INFO] [HTTP] GET /api/notifications?role=Admin&hotelName=Grand%20Hotel 304 - 4ms - IP: ::1
[2026-01-14T10:29:01.655Z] [INFO] [HTTP] GET /api/notifications?role=Admin&hotelName=Grand%20Hotel 304 - 3ms - IP: ::1
[2026-01-14T10:29:31.647Z] [INFO] [HTTP] GET /api/notifications?role=Admin&hotelName=Grand%20Hotel 304 - 3ms - IP: ::1
[2026-01-14T10:30:01.642Z] [INFO] [HTTP] GET /api/notifications?role=Admin&hotelName=Grand%20Hotel 304 - 3ms - IP: ::1
[2026-01-14T10:30:31.653Z] [INFO] [HTTP] GET /api/notifications?role=Admin&hotelName=Grand%20Hotel 304 - 3ms - IP: ::1
[2026-01-14T10:31:01.750Z] [INFO] [HTTP] GET /api/notifications?role=Admin&hotelName=Grand%20Hotel 304 - 6ms - IP: ::1
[2026-01-14T10:31:31.667Z] [INFO] [HTTP] GET /api/notifications?role=Admin&hotelName=Grand%20Hotel 304 - 3ms - IP: ::1
[2026-01-14T10:32:01.660Z] [INFO] [HTTP] GET /api/notifications?role=Admin&hotelName=Grand%20Hotel 304 - 3ms - IP: ::1
[2026-01-14T10:32:31.652Z] [INFO] [HTTP] GET /api/notifications?role=Admin&hotelName=Grand%20Hotel 304 - 2ms - IP: ::1
[2026-01-14T10:33:01.647Z] [INFO] [HTTP] GET /api/notifications?role=Admin&hotelName=Grand%20Hotel 304 - 3ms - IP: ::1
[2026-01-14T10:33:31.647Z] [INFO] [HTTP] GET /api/notifications?role=Admin&hotelName=Grand%20Hotel 304 - 3ms - IP: ::1
[2026-01-14T10:34:01.654Z] [INFO] [HTTP] GET /api/notifications?role=Admin&hotelName=Grand%20Hotel 304 - 3ms - IP: ::1
[2026-01-14T10:34:31.642Z] [INFO] [HTTP] GET /api/notifications?role=Admin&hotelName=Grand%20Hotel 304 - 3ms - IP: ::1
[2026-01-14T10:34:42.313Z] [INFO] [HTTP] GET /dashboard.html 200 - 135ms - IP: ::1
[2026-01-14T10:34:42.622Z] [INFO] [HTTP] GET /style.css 304 - 3ms - IP: ::1
[2026-01-14T10:34:42.644Z] [INFO] [HTTP] GET /dashboard.js 304 - 1ms - IP: ::1
[2026-01-14T10:34:42.752Z] [INFO] [HTTP] GET /api/notifications?role=Admin&hotelName= 304 - 3ms - IP: ::1
[2026-01-14T10:34:42.790Z] [INFO] [HTTP] GET /api/hotels 304 - 30ms - IP: ::1
[2026-01-14T10:34:42.926Z] [INFO] [HTTP] GET /api/rooms?hotelName=Grand%20Hotel 304 - 63ms - IP: ::1
[2026-01-14T10:34:43.025Z] [INFO] [HTTP] GET /api/online-bookings?hotelName=Grand%20Hotel 304 - 63ms - IP: ::1
[2026-01-14T10:34:43.048Z] [INFO] [HTTP] GET /api/users?hotelName=Grand%20Hotel 304 - 61ms - IP: ::1
[2026-01-14T10:34:43.077Z] [INFO] [HTTP] GET /api/users/admin 304 - 86ms - IP: ::1
[2026-01-14T10:34:43.252Z] [INFO] [HTTP] GET /api/guests?hotelName=Grand%20Hotel 304 - 388ms - IP: ::1
[2026-01-14T10:34:43.287Z] [INFO] [HTTP] GET /api/guests?hotelName=Grand%20Hotel 304 - 2ms - IP: ::1
[2026-01-14T10:34:43.308Z] [INFO] [HTTP] GET /api/guests?hotelName=Grand%20Hotel 304 - 4ms - IP: ::1
[2026-01-14T10:34:43.394Z] [INFO] [HTTP] GET /api/rooms?hotelName=Grand%20Hotel 304 - 408ms - IP: ::1
[2026-01-14T10:34:43.598Z] [INFO] [HTTP] GET /api/history?hotelName=Grand%20Hotel&limit=100 304 - 611ms - IP: ::1
[2026-01-14T10:35:12.722Z] [INFO] [HTTP] GET /api/notifications?role=Admin&hotelName=Grand%20Hotel 304 - 2ms - IP: ::1
[2026-01-14T10:35:42.713Z] [INFO] [HTTP] GET /api/notifications?role=Admin&hotelName=Grand%20Hotel 304 - 2ms - IP: ::1
[2026-01-14T10:36:12.717Z] [INFO] [HTTP] GET /api/notifications?role=Admin&hotelName=Grand%20Hotel 304 - 2ms - IP: ::1
[2026-01-14T10:36:42.718Z] [INFO] [HTTP] GET /api/notifications?role=Admin&hotelName=Grand%20Hotel 304 - 2ms - IP: ::1
[2026-01-14T10:37:12.725Z] [INFO] [HTTP] GET /api/notifications?role=Admin&hotelName=Grand%20Hotel 304 - 2ms - IP: ::1
[2026-01-14T10:37:42.715Z] [INFO] [HTTP] GET /api/notifications?role=Admin&hotelName=Grand%20Hotel 304 - 3ms - IP: ::1
[2026-01-14T10:38:12.716Z] [INFO] [HTTP] GET /api/notifications?role=Admin&hotelName=Grand%20Hotel 304 - 2ms - IP: ::1
[2026-01-14T10:38:42.716Z] [INFO] [HTTP] GET /api/notifications?role=Admin&hotelName=Grand%20Hotel 304 - 2ms - IP: ::1
[2026-01-14T10:39:12.728Z] [INFO] [HTTP] GET /api/notifications?role=Admin&hotelName=Grand%20Hotel 304 - 4ms - IP: ::1
[2026-01-14T10:39:42.848Z] [INFO] [HTTP] GET /api/notifications?role=Admin&hotelName=Grand%20Hotel 304 - 4ms - IP: ::1
[2026-01-14T10:40:12.718Z] [INFO] [HTTP] GET /api/notifications?role=Admin&hotelName=Grand%20Hotel 304 - 2ms - IP: ::1
[2026-01-14T10:40:42.732Z] [INFO] [HTTP] GET /api/notifications?role=Admin&hotelName=Grand%20Hotel 304 - 8ms - IP: ::1
[2026-01-14T10:41:12.753Z] [INFO] [HTTP] GET /api/notifications?role=Admin&hotelName=Grand%20Hotel 304 - 3ms - IP: ::1
[2026-01-14T10:41:42.734Z] [INFO] [HTTP] GET /api/notifications?role=Admin&hotelName=Grand%20Hotel 304 - 4ms - IP: ::1
[2026-01-14T10:42:12.747Z] [INFO] [HTTP] GET /api/notifications?role=Admin&hotelName=Grand%20Hotel 304 - 4ms - IP: ::1
[2026-01-14T10:42:42.722Z] [INFO] [HTTP] GET /api/notifications?role=Admin&hotelName=Grand%20Hotel 304 - 3ms - IP: ::1
[2026-01-14T10:43:12.718Z] [INFO] [HTTP] GET /api/notifications?role=Admin&hotelName=Grand%20Hotel 304 - 3ms - IP: ::1
[2026-01-14T10:43:42.740Z] [INFO] [HTTP] GET /api/notifications?role=Admin&hotelName=Grand%20Hotel 304 - 8ms - IP: ::1
[2026-01-14T10:44:12.721Z] [INFO] [HTTP] GET /api/notifications?role=Admin&hotelName=Grand%20Hotel 304 - 3ms - IP: ::1
[2026-01-14T10:44:42.717Z] [INFO] [HTTP] GET /api/notifications?role=Admin&hotelName=Grand%20Hotel 304 - 3ms - IP: ::1
[2026-01-14T10:45:12.727Z] [INFO] [HTTP] GET /api/notifications?role=Admin&hotelName=Grand%20Hotel 304 - 3ms - IP: ::1
[2026-01-14T10:45:42.719Z] [INFO] [HTTP] GET /api/notifications?role=Admin&hotelName=Grand%20Hotel 304 - 2ms - IP: ::1
[2026-01-14T10:46:12.719Z] [INFO] [HTTP] GET /api/notifications?role=Admin&hotelName=Grand%20Hotel 304 - 2ms - IP: ::1
[2026-01-14T10:46:42.717Z] [INFO] [HTTP] GET /api/notifications?role=Admin&hotelName=Grand%20Hotel 304 - 3ms - IP: ::1
[2026-01-14T10:47:12.721Z] [INFO] [HTTP] GET /api/notifications?role=Admin&hotelName=Grand%20Hotel 304 - 3ms - IP: ::1
[2026-01-14T10:47:42.714Z] [INFO] [HTTP] GET /api/notifications?role=Admin&hotelName=Grand%20Hotel 304 - 3ms - IP: ::1
[2026-01-14T10:48:12.730Z] [INFO] [HTTP] GET /api/notifications?role=Admin&hotelName=Grand%20Hotel 304 - 7ms - IP: ::1
[2026-01-14T10:48:42.733Z] [INFO] [HTTP] GET /api/notifications?role=Admin&hotelName=Grand%20Hotel 304 - 10ms - IP: ::1
[2026-01-14T10:49:12.732Z] [INFO] [HTTP] GET /api/notifications?role=Admin&hotelName=Grand%20Hotel 304 - 5ms - IP: ::1
[2026-01-14T10:49:42.729Z] [INFO] [HTTP] GET /api/notifications?role=Admin&hotelName=Grand%20Hotel 304 - 7ms - IP: ::1
[2026-01-14T10:50:12.729Z] [INFO] [HTTP] GET /api/notifications?role=Admin&hotelName=Grand%20Hotel 304 - 6ms - IP: ::1
[2026-01-14T10:50:42.729Z] [INFO] [HTTP] GET /api/notifications?role=Admin&hotelName=Grand%20Hotel 304 - 7ms - IP: ::1
[2026-01-14T10:51:12.722Z] [INFO] [HTTP] GET /api/notifications?role=Admin&hotelName=Grand%20Hotel 304 - 3ms - IP: ::1
[2026-01-14T10:51:42.718Z] [INFO] [HTTP] GET /api/notifications?role=Admin&hotelName=Grand%20Hotel 304 - 5ms - IP: ::1
[2026-01-14T10:52:12.714Z] [INFO] [HTTP] GET /api/notifications?role=Admin&hotelName=Grand%20Hotel 304 - 3ms - IP: ::1
[2026-01-14T10:52:42.721Z] [INFO] [HTTP] GET /api/notifications?role=Admin&hotelName=Grand%20Hotel 304 - 2ms - IP: ::1
[2026-01-14T11:08:46.785Z] [INFO] Attempting to connect to Oracle Database...
[2026-01-14T11:08:46.980Z] [INFO] ✅ Oracle Database connection pool created successfully.
[2026-01-14T11:08:48.243Z] [INFO] 🚀 Server running on http://localhost:3000
[2026-01-14T11:08:48.244Z] [INFO] 📂 Serving frontend from: C:\Users\143ch\Hotel_Management_System\
[2026-01-14T11:08:48.244Z] [INFO] ✅ Health check available at http://localhost:3000/api/health
[2026-01-14T11:09:12.749Z] [INFO] [HTTP] GET /api/notifications?role=Admin&hotelName=Grand%20Hotel 304 - 19ms - IP: ::1
[2026-01-14T11:09:42.727Z] [INFO] [HTTP] GET /api/notifications?role=Admin&hotelName=Grand%20Hotel 304 - 4ms - IP: ::1
[2026-01-14T11:10:12.722Z] [INFO] [HTTP] GET /api/notifications?role=Admin&hotelName=Grand%20Hotel 304 - 4ms - IP: ::1
[2026-01-14T11:10:42.720Z] [INFO] [HTTP] GET /api/notifications?role=Admin&hotelName=Grand%20Hotel 304 - 3ms - IP: ::1
[2026-01-14T11:11:12.724Z] [INFO] [HTTP] GET /api/notifications?role=Admin&hotelName=Grand%20Hotel 304 - 4ms - IP: ::1
[2026-01-14T11:11:42.716Z] [INFO] [HTTP] GET /api/notifications?role=Admin&hotelName=Grand%20Hotel 304 - 3ms - IP: ::1
[2026-01-14T11:12:12.717Z] [INFO] [HTTP] GET /api/notifications?role=Admin&hotelName=Grand%20Hotel 304 - 3ms - IP: ::1
[2026-01-14T11:12:42.716Z] [INFO] [HTTP] GET /api/notifications?role=Admin&hotelName=Grand%20Hotel 304 - 3ms - IP: ::1
[2026-01-14T11:13:12.742Z] [INFO] [HTTP] GET /api/notifications?role=Admin&hotelName=Grand%20Hotel 304 - 7ms - IP: ::1
[2026-01-14T11:13:42.728Z] [INFO] [HTTP] GET /api/notifications?role=Admin&hotelName=Grand%20Hotel 304 - 3ms - IP: ::1
[2026-01-14T11:14:12.737Z] [INFO] [HTTP] GET /api/notifications?role=Admin&hotelName=Grand%20Hotel 304 - 5ms - IP: ::1
[2026-01-14T11:14:42.725Z] [INFO] [HTTP] GET /api/notifications?role=Admin&hotelName=Grand%20Hotel 304 - 3ms - IP: ::1
[2026-01-14T11:15:12.716Z] [INFO] [HTTP] GET /api/notifications?role=Admin&hotelName=Grand%20Hotel 304 - 3ms - IP: ::1
[2026-01-14T11:15:42.712Z] [INFO] [HTTP] GET /api/notifications?role=Admin&hotelName=Grand%20Hotel 304 - 2ms - IP: ::1
[2026-01-14T11:16:12.725Z] [INFO] [HTTP] GET /api/notifications?role=Admin&hotelName=Grand%20Hotel 304 - 3ms - IP: ::1
[2026-01-14T11:16:42.722Z] [INFO] [HTTP] GET /api/notifications?role=Admin&hotelName=Grand%20Hotel 304 - 3ms - IP: ::1
[2026-01-14T11:17:12.720Z] [INFO] [HTTP] GET /api/notifications?role=Admin&hotelName=Grand%20Hotel 304 - 2ms - IP: ::1
[2026-01-14T11:17:42.736Z] [INFO] [HTTP] GET /api/notifications?role=Admin&hotelName=Grand%20Hotel 304 - 5ms - IP: ::1
[2026-01-14T11:18:12.716Z] [INFO] [HTTP] GET /api/notifications?role=Admin&hotelName=Grand%20Hotel 304 - 3ms - IP: ::1
[2026-01-14T11:18:42.715Z] [INFO] [HTTP] GET /api/notifications?role=Admin&hotelName=Grand%20Hotel 304 - 2ms - IP: ::1
[2026-01-14T11:19:12.738Z] [INFO] [HTTP] GET /api/notifications?role=Admin&hotelName=Grand%20Hotel 304 - 6ms - IP: ::1
[2026-01-14T11:19:42.719Z] [INFO] [HTTP] GET /api/notifications?role=Admin&hotelName=Grand%20Hotel 304 - 3ms - IP: ::1
[2026-01-14T11:20:12.738Z] [INFO] [HTTP] GET /api/notifications?role=Admin&hotelName=Grand%20Hotel 304 - 6ms - IP: ::1
[2026-01-14T11:20:42.717Z] [INFO] [HTTP] GET /api/notifications?role=Admin&hotelName=Grand%20Hotel 304 - 3ms - IP: ::1
[2026-01-14T11:21:12.728Z] [INFO] [HTTP] GET /api/notifications?role=Admin&hotelName=Grand%20Hotel 304 - 3ms - IP: ::1
[2026-01-14T11:21:42.741Z] [INFO] [HTTP] GET /api/notifications?role=Admin&hotelName=Grand%20Hotel 304 - 11ms - IP: ::1
[2026-01-14T11:22:12.716Z] [INFO] [HTTP] GET /api/notifications?role=Admin&hotelName=Grand%20Hotel 304 - 2ms - IP: ::1
[2026-01-14T11:22:42.720Z] [INFO] [HTTP] GET /api/notifications?role=Admin&hotelName=Grand%20Hotel 304 - 3ms - IP: ::1
[2026-01-14T11:23:12.733Z] [INFO] [HTTP] GET /api/notifications?role=Admin&hotelName=Grand%20Hotel 304 - 3ms - IP: ::1
[2026-01-14T11:23:42.719Z] [INFO] [HTTP] GET /api/notifications?role=Admin&hotelName=Grand%20Hotel 304 - 3ms - IP: ::1
[2026-01-14T11:24:12.715Z] [INFO] [HTTP] GET /api/notifications?role=Admin&hotelName=Grand%20Hotel 304 - 3ms - IP: ::1
[2026-01-14T11:24:42.734Z] [INFO] [HTTP] GET /api/notifications?role=Admin&hotelName=Grand%20Hotel 304 - 5ms - IP: ::1
[2026-01-14T11:25:12.724Z] [INFO] [HTTP] GET /api/notifications?role=Admin&hotelName=Grand%20Hotel 304 - 3ms - IP: ::1
[2026-01-14T11:25:42.720Z] [INFO] [HTTP] GET /api/notifications?role=Admin&hotelName=Grand%20Hotel 304 - 3ms - IP: ::1
[2026-01-14T11:26:12.733Z] [INFO] [HTTP] GET /api/notifications?role=Admin&hotelName=Grand%20Hotel 304 - 3ms - IP: ::1
[2026-01-14T11:26:42.718Z] [INFO] [HTTP] GET /api/notifications?role=Admin&hotelName=Grand%20Hotel 304 - 3ms - IP: ::1
[2026-01-14T11:27:12.726Z] [INFO] [HTTP] GET /api/notifications?role=Admin&hotelName=Grand%20Hotel 304 - 4ms - IP: ::1
[2026-01-14T11:27:42.723Z] [INFO] [HTTP] GET /api/notifications?role=Admin&hotelName=Grand%20Hotel 304 - 3ms - IP: ::1
[2026-01-14T11:28:12.724Z] [INFO] [HTTP] GET /api/notifications?role=Admin&hotelName=Grand%20Hotel 304 - 3ms - IP: ::1
[2026-01-14T11:28:42.734Z] [INFO] [HTTP] GET /api/notifications?role=Admin&hotelName=Grand%20Hotel 304 - 6ms - IP: ::1
[2026-01-14T11:29:12.724Z] [INFO] [HTTP] GET /api/notifications?role=Admin&hotelName=Grand%20Hotel 304 - 2ms - IP: ::1
[2026-01-14T11:29:42.717Z] [INFO] [HTTP] GET /api/notifications?role=Admin&hotelName=Grand%20Hotel 304 - 3ms - IP: ::1
[2026-01-14T11:30:12.720Z] [INFO] [HTTP] GET /api/notifications?role=Admin&hotelName=Grand%20Hotel 304 - 3ms - IP: ::1
[2026-01-14T11:30:42.726Z] [INFO] [HTTP] GET /api/notifications?role=Admin&hotelName=Grand%20Hotel 304 - 2ms - IP: ::1
[2026-01-14T11:31:15.240Z] [INFO] [HTTP] GET /api/notifications?role=Admin&hotelName=Grand%20Hotel 304 - 2ms - IP: ::1
[2026-01-14T11:31:42.719Z] [INFO] [HTTP] GET /api/notifications?role=Admin&hotelName=Grand%20Hotel 304 - 2ms - IP: ::1
[2026-01-14T11:32:12.749Z] [INFO] [HTTP] GET /api/notifications?role=Admin&hotelName=Grand%20Hotel 304 - 3ms - IP: ::1
[2026-01-14T11:32:42.722Z] [INFO] [HTTP] GET /api/notifications?role=Admin&hotelName=Grand%20Hotel 304 - 3ms - IP: ::1
[2026-01-14T11:33:12.728Z] [INFO] [HTTP] GET /api/notifications?role=Admin&hotelName=Grand%20Hotel 304 - 2ms - IP: ::1
[2026-01-14T11:33:42.727Z] [INFO] [HTTP] GET /api/notifications?role=Admin&hotelName=Grand%20Hotel 304 - 2ms - IP: ::1
[2026-01-14T11:34:12.726Z] [INFO] [HTTP] GET /api/notifications?role=Admin&hotelName=Grand%20Hotel 304 - 2ms - IP: ::1
[2026-01-14T11:34:42.721Z] [INFO] [HTTP] GET /api/notifications?role=Admin&hotelName=Grand%20Hotel 304 - 3ms - IP: ::1
[2026-01-14T11:35:12.713Z] [INFO] [HTTP] GET /api/notifications?role=Admin&hotelName=Grand%20Hotel 304 - 2ms - IP: ::1
[2026-01-14T11:35:42.716Z] [INFO] [HTTP] GET /api/notifications?role=Admin&hotelName=Grand%20Hotel 304 - 2ms - IP: ::1
[2026-01-14T11:36:12.733Z] [INFO] [HTTP] GET /api/notifications?role=Admin&hotelName=Grand%20Hotel 304 - 2ms - IP: ::1
[2026-01-14T11:36:42.712Z] [INFO] [HTTP] GET /api/notifications?role=Admin&hotelName=Grand%20Hotel 304 - 3ms - IP: ::1
[2026-01-14T11:37:12.715Z] [INFO] [HTTP] GET /api/notifications?role=Admin&hotelName=Grand%20Hotel 304 - 3ms - IP: ::1
[2026-01-14T11:37:42.724Z] [INFO] [HTTP] GET /api/notifications?role=Admin&hotelName=Grand%20Hotel 304 - 3ms - IP: ::1
[2026-01-14T11:38:12.726Z] [INFO] [HTTP] GET /api/notifications?role=Admin&hotelName=Grand%20Hotel 304 - 6ms - IP: ::1
[2026-01-14T11:38:42.720Z] [INFO] [HTTP] GET /api/notifications?role=Admin&hotelName=Grand%20Hotel 304 - 3ms - IP: ::1
[2026-01-14T11:39:12.715Z] [INFO] [HTTP] GET /api/notifications?role=Admin&hotelName=Grand%20Hotel 304 - 3ms - IP: ::1
[2026-01-14T11:39:42.724Z] [INFO] [HTTP] GET /api/notifications?role=Admin&hotelName=Grand%20Hotel 304 - 6ms - IP: ::1
[2026-01-14T11:40:12.733Z] [INFO] [HTTP] GET /api/notifications?role=Admin&hotelName=Grand%20Hotel 304 - 6ms - IP: ::1
[2026-01-14T11:40:42.727Z] [INFO] [HTTP] GET /api/notifications?role=Admin&hotelName=Grand%20Hotel 304 - 3ms - IP: ::1
[2026-01-14T11:41:12.715Z] [INFO] [HTTP] GET /api/notifications?role=Admin&hotelName=Grand%20Hotel 304 - 2ms - IP: ::1
[2026-01-14T11:41:42.719Z] [INFO] [HTTP] GET /api/notifications?role=Admin&hotelName=Grand%20Hotel 304 - 3ms - IP: ::1
[2026-01-14T11:42:12.715Z] [INFO] [HTTP] GET /api/notifications?role=Admin&hotelName=Grand%20Hotel 304 - 2ms - IP: ::1
[2026-01-14T11:42:42.715Z] [INFO] [HTTP] GET /api/notifications?role=Admin&hotelName=Grand%20Hotel 304 - 3ms - IP: ::1
[2026-01-14T11:43:12.715Z] [INFO] [HTTP] GET /api/notifications?role=Admin&hotelName=Grand%20Hotel 304 - 2ms - IP: ::1
[2026-01-14T11:43:42.716Z] [INFO] [HTTP] GET /api/notifications?role=Admin&hotelName=Grand%20Hotel 304 - 2ms - IP: ::1
[2026-01-14T11:44:12.715Z] [INFO] [HTTP] GET /api/notifications?role=Admin&hotelName=Grand%20Hotel 304 - 3ms - IP: ::1
[2026-01-14T11:44:42.717Z] [INFO] [HTTP] GET /api/notifications?role=Admin&hotelName=Grand%20Hotel 304 - 2ms - IP: ::1
[2026-01-14T11:45:12.716Z] [INFO] [HTTP] GET /api/notifications?role=Admin&hotelName=Grand%20Hotel 304 - 2ms - IP: ::1
[2026-01-14T11:45:42.715Z] [INFO] [HTTP] GET /api/notifications?role=Admin&hotelName=Grand%20Hotel 304 - 2ms - IP: ::1
[2026-01-14T11:46:12.716Z] [INFO] [HTTP] GET /api/notifications?role=Admin&hotelName=Grand%20Hotel 304 - 2ms - IP: ::1
[2026-01-14T11:46:42.719Z] [INFO] [HTTP] GET /api/notifications?role=Admin&hotelName=Grand%20Hotel 304 - 2ms - IP: ::1
[2026-01-14T12:24:48.982Z] [INFO] Attempting to connect to Oracle Database...
[2026-01-14T12:24:51.722Z] [INFO] ✅ Oracle Database connection pool created successfully.
[2026-01-14T12:24:52.784Z] [INFO] 🚀 Server running on http://localhost:3000
[2026-01-14T12:24:52.785Z] [INFO] 📂 Serving frontend from: C:\Users\143ch\Hotel_Management_System\
[2026-01-14T12:24:52.787Z] [INFO] ✅ Health check available at http://localhost:3000/api/health
